{"level":"info","message":"API Gateway is running on port 3000","service":"api-gateway","timestamp":"2025-03-08T17:04:17.056Z"}
{"level":"info","message":"API Gateway is running on port 3000","service":"api-gateway","timestamp":"2025-03-08T17:04:23.343Z"}
{"level":"info","message":"API Gateway is running on port 3000","service":"api-gateway","timestamp":"2025-03-08T17:05:15.499Z"}
{"level":"info","message":"API Gateway is running on port 3000","service":"api-gateway","timestamp":"2025-03-08T17:05:19.524Z"}
{"level":"info","message":"API Gateway is running on port 3000","service":"api-gateway","timestamp":"2025-03-08T17:05:21.986Z"}
{"level":"info","message":"API Gateway is running on port 3000","service":"api-gateway","timestamp":"2025-03-08T17:05:50.335Z"}
{"level":"info","message":"API Gateway is running on port 3000","service":"api-gateway","timestamp":"2025-03-08T17:06:03.979Z"}
{"level":"info","message":"API Gateway is running on port 3000","service":"api-gateway","timestamp":"2025-03-08T17:06:13.617Z"}
{"level":"info","message":"API Gateway is running on port 3000","service":"api-gateway","timestamp":"2025-03-08T17:06:14.969Z"}
{"level":"info","message":"API Gateway is running on port 3000","service":"api-gateway","timestamp":"2025-03-08T17:24:44.497Z"}
{"level":"info","message":"API Gateway is running on port 3000","service":"api-gateway","timestamp":"2025-03-08T17:25:28.516Z"}
{"level":"info","message":"API Gateway is running on port 3000","service":"api-gateway","timestamp":"2025-03-08T17:25:35.816Z"}
{"level":"info","message":"API Gateway is running on port 3000","service":"api-gateway","timestamp":"2025-03-08T17:26:30.690Z"}
{"level":"info","message":"API Gateway is running on port 3000","service":"api-gateway","timestamp":"2025-03-08T17:26:32.319Z"}
{"level":"info","message":"Identity service is running on port undefined","service":"api-gateway","timestamp":"2025-03-08T17:27:08.394Z"}
{"level":"info","message":"API Gateway is running on port 3000","service":"api-gateway","timestamp":"2025-03-08T17:27:08.397Z"}
{"level":"info","message":"Identity service is running on port undefined","service":"api-gateway","timestamp":"2025-03-08T17:27:11.587Z"}
{"level":"info","message":"API Gateway is running on port 3000","service":"api-gateway","timestamp":"2025-03-08T17:27:11.592Z"}
{"level":"info","message":"API Gateway is running on port 3000","service":"api-gateway","timestamp":"2025-03-08T17:27:20.992Z"}
{"level":"info","message":"Identity service is running on port undefined","service":"api-gateway","timestamp":"2025-03-08T17:27:20.997Z"}
{"level":"info","message":"API Gateway is running on port 3000","service":"api-gateway","timestamp":"2025-03-08T17:27:20.998Z"}
{"level":"info","message":"API Gateway is running on port 3000","service":"api-gateway","timestamp":"2025-03-08T17:27:25.653Z"}
{"level":"info","message":"Identity service is running on port undefined","service":"api-gateway","timestamp":"2025-03-08T17:27:25.655Z"}
{"level":"info","message":"API Gateway is running on port 3000","service":"api-gateway","timestamp":"2025-03-08T17:27:25.656Z"}
{"level":"info","message":"Received POST request to /v1/auth/signup","service":"api-gateway","timestamp":"2025-03-08T17:45:06.993Z"}
{"level":"info","message":"Request body, [object Object]","service":"api-gateway","timestamp":"2025-03-08T17:45:07.008Z"}
{"level":"info","message":"API Gateway is running on port 3000","service":"api-gateway","timestamp":"2025-03-08T17:48:01.698Z"}
{"level":"info","message":"Identity service is running on port undefined","service":"api-gateway","timestamp":"2025-03-08T17:48:01.735Z"}
{"level":"info","message":"API Gateway is running on port 3000","service":"api-gateway","timestamp":"2025-03-08T17:48:01.739Z"}
{"level":"info","message":"API Gateway is running on port 3000","service":"api-gateway","timestamp":"2025-03-08T17:48:13.990Z"}
{"level":"info","message":"Identity service is running on port undefined","service":"api-gateway","timestamp":"2025-03-08T17:48:13.994Z"}
{"level":"info","message":"API Gateway is running on port 3000","service":"api-gateway","timestamp":"2025-03-08T17:48:13.995Z"}
{"level":"info","message":"API Gateway is running on port 3000","service":"api-gateway","timestamp":"2025-03-08T17:48:28.836Z"}
{"level":"info","message":"Identity service is running on port undefined","service":"api-gateway","timestamp":"2025-03-08T17:48:28.839Z"}
{"level":"info","message":"API Gateway is running on port 3000","service":"api-gateway","timestamp":"2025-03-08T17:48:28.840Z"}
{"level":"info","message":"API Gateway is running on port 3000","service":"api-gateway","timestamp":"2025-03-08T17:48:58.893Z"}
{"level":"info","message":"Identity service is running on port undefined","service":"api-gateway","timestamp":"2025-03-08T17:48:58.897Z"}
{"level":"info","message":"API Gateway is running on port 3000","service":"api-gateway","timestamp":"2025-03-08T17:48:58.898Z"}
{"level":"info","message":"API Gateway is running on port 3000","service":"api-gateway","timestamp":"2025-03-08T17:49:01.071Z"}
{"level":"info","message":"Identity service is running on port undefined","service":"api-gateway","timestamp":"2025-03-08T17:49:01.078Z"}
{"level":"info","message":"API Gateway is running on port 3000","service":"api-gateway","timestamp":"2025-03-08T17:49:01.081Z"}
{"level":"info","message":"API Gateway is running on port 3000","service":"api-gateway","timestamp":"2025-03-08T17:49:56.138Z"}
{"level":"info","message":"Identity service is running on port undefined","service":"api-gateway","timestamp":"2025-03-08T17:49:56.142Z"}
{"level":"info","message":"API Gateway is running on port 3000","service":"api-gateway","timestamp":"2025-03-08T17:49:56.142Z"}
{"level":"info","message":"API Gateway is running on port 3000","service":"api-gateway","timestamp":"2025-03-08T17:50:01.964Z"}
{"level":"info","message":"Identity service is running on port undefined","service":"api-gateway","timestamp":"2025-03-08T17:50:01.967Z"}
{"level":"info","message":"API Gateway is running on port 3000","service":"api-gateway","timestamp":"2025-03-08T17:50:01.968Z"}
{"level":"info","message":"Received POST request to /v1/auth/signup","service":"api-gateway","timestamp":"2025-03-08T17:50:39.633Z"}
{"level":"info","message":"Request body, [object Object]","service":"api-gateway","timestamp":"2025-03-08T17:50:39.635Z"}
{"level":"info","message":"Response received from Identity service: 400","service":"api-gateway","timestamp":"2025-03-08T17:50:39.979Z"}
{"level":"info","message":"API Gateway is running on port 3000","service":"api-gateway","timestamp":"2025-03-08T17:50:48.768Z"}
{"level":"info","message":"Identity service is running on port undefined","service":"api-gateway","timestamp":"2025-03-08T17:50:48.771Z"}
{"level":"info","message":"API Gateway is running on port 3000","service":"api-gateway","timestamp":"2025-03-08T17:50:48.772Z"}
{"level":"info","message":"Received POST request to /v1/auth/signup","service":"api-gateway","timestamp":"2025-03-08T17:50:58.333Z"}
{"level":"info","message":"Request body, [object Object]","service":"api-gateway","timestamp":"2025-03-08T17:50:58.333Z"}
{"level":"info","message":"Response received from Identity service: 201","service":"api-gateway","timestamp":"2025-03-08T17:50:58.649Z"}
{"level":"info","message":"API Gateway is running on port 3000","service":"api-gateway","timestamp":"2025-03-09T04:15:42.731Z"}
{"level":"info","message":"Identity service is running on port undefined","service":"api-gateway","timestamp":"2025-03-09T04:15:42.749Z"}
{"level":"info","message":"API Gateway is running on port 3000","service":"api-gateway","timestamp":"2025-03-09T04:15:42.749Z"}
{"level":"info","message":"Received POST request to /v1/auth/signup","service":"api-gateway","timestamp":"2025-03-09T04:15:47.569Z"}
{"level":"info","message":"Request body, [object Object]","service":"api-gateway","timestamp":"2025-03-09T04:15:47.569Z"}
{"level":"info","message":"Response received from Identity service: 500","service":"api-gateway","timestamp":"2025-03-09T04:15:48.065Z"}
{"level":"info","message":"API Gateway is running on port 3000","service":"api-gateway","timestamp":"2025-03-09T04:16:50.332Z"}
{"level":"info","message":"Identity service is running on port undefined","service":"api-gateway","timestamp":"2025-03-09T04:16:50.336Z"}
{"level":"info","message":"API Gateway is running on port 3000","service":"api-gateway","timestamp":"2025-03-09T04:16:50.337Z"}
{"level":"info","message":"Received POST request to /v1/auth/login","service":"api-gateway","timestamp":"2025-03-09T04:16:53.138Z"}
{"level":"info","message":"Request body, [object Object]","service":"api-gateway","timestamp":"2025-03-09T04:16:53.138Z"}
{"level":"info","message":"Response received from Identity service: 500","service":"api-gateway","timestamp":"2025-03-09T04:16:53.189Z"}
{"level":"info","message":"Received POST request to /v1/auth/login","service":"api-gateway","timestamp":"2025-03-09T04:17:41.893Z"}
{"level":"info","message":"Request body, [object Object]","service":"api-gateway","timestamp":"2025-03-09T04:17:41.896Z"}
{"level":"info","message":"Response received from Identity service: 400","service":"api-gateway","timestamp":"2025-03-09T04:17:41.955Z"}
{"level":"info","message":"Received POST request to /v1/auth/login","service":"api-gateway","timestamp":"2025-03-09T04:18:14.441Z"}
{"level":"info","message":"Request body, [object Object]","service":"api-gateway","timestamp":"2025-03-09T04:18:14.443Z"}
{"level":"info","message":"Response received from Identity service: 400","service":"api-gateway","timestamp":"2025-03-09T04:18:14.747Z"}
{"level":"info","message":"Received POST request to /v1/auth/login","service":"api-gateway","timestamp":"2025-03-09T04:19:14.578Z"}
{"level":"info","message":"Request body, [object Object]","service":"api-gateway","timestamp":"2025-03-09T04:19:14.579Z"}
{"level":"info","message":"Response received from Identity service: 201","service":"api-gateway","timestamp":"2025-03-09T04:19:14.850Z"}
{"level":"info","message":"Received POST request to /v1/auth/login","service":"api-gateway","timestamp":"2025-03-09T04:19:32.501Z"}
{"level":"info","message":"Request body, [object Object]","service":"api-gateway","timestamp":"2025-03-09T04:19:32.503Z"}
{"level":"info","message":"Response received from Identity service: 201","service":"api-gateway","timestamp":"2025-03-09T04:19:32.749Z"}
{"level":"info","message":"Received POST request to /v1/auth/signup","service":"api-gateway","timestamp":"2025-03-09T04:49:08.086Z"}
{"level":"info","message":"Request body, [object Object]","service":"api-gateway","timestamp":"2025-03-09T04:49:08.118Z"}
{"level":"info","message":"Response received from Identity service: 500","service":"api-gateway","timestamp":"2025-03-09T04:49:08.420Z"}
{"level":"info","message":"Received POST request to /v1/auth/signup","service":"api-gateway","timestamp":"2025-03-09T04:49:32.056Z"}
{"level":"info","message":"Request body, [object Object]","service":"api-gateway","timestamp":"2025-03-09T04:49:32.057Z"}
{"level":"info","message":"Response received from Identity service: 500","service":"api-gateway","timestamp":"2025-03-09T04:49:32.087Z"}
{"level":"info","message":"Received POST request to /v1/auth/signup","service":"api-gateway","timestamp":"2025-03-09T04:50:24.002Z"}
{"level":"info","message":"Request body, [object Object]","service":"api-gateway","timestamp":"2025-03-09T04:50:24.005Z"}
{"level":"info","message":"Response received from Identity service: 500","service":"api-gateway","timestamp":"2025-03-09T04:50:24.091Z"}
{"level":"info","message":"Received POST request to /v1/auth/signup","service":"api-gateway","timestamp":"2025-03-09T04:55:39.780Z"}
{"level":"info","message":"Request body, [object Object]","service":"api-gateway","timestamp":"2025-03-09T04:55:39.788Z"}
{"level":"info","message":"Response received from Identity service: 500","service":"api-gateway","timestamp":"2025-03-09T04:55:39.930Z"}
{"level":"info","message":"Received POST request to /v1/auth/signup","service":"api-gateway","timestamp":"2025-03-09T04:56:34.391Z"}
{"level":"info","message":"Request body, [object Object]","service":"api-gateway","timestamp":"2025-03-09T04:56:34.393Z"}
{"level":"info","message":"Response received from Identity service: 500","service":"api-gateway","timestamp":"2025-03-09T04:56:34.479Z"}
{"level":"info","message":"Received POST request to /v1/auth/signup","service":"api-gateway","timestamp":"2025-03-09T04:57:20.111Z"}
{"level":"info","message":"Request body, [object Object]","service":"api-gateway","timestamp":"2025-03-09T04:57:20.112Z"}
{"level":"info","message":"Response received from Identity service: 500","service":"api-gateway","timestamp":"2025-03-09T04:57:20.183Z"}
{"level":"info","message":"Received POST request to /v1/auth/signup","service":"api-gateway","timestamp":"2025-03-09T04:57:36.528Z"}
{"level":"info","message":"Request body, [object Object]","service":"api-gateway","timestamp":"2025-03-09T04:57:36.530Z"}
{"level":"info","message":"Response received from Identity service: 201","service":"api-gateway","timestamp":"2025-03-09T04:57:37.026Z"}
{"level":"info","message":"Received POST request to /v1/auth/signup","service":"api-gateway","timestamp":"2025-03-09T04:59:22.931Z"}
{"level":"info","message":"Request body, [object Object]","service":"api-gateway","timestamp":"2025-03-09T04:59:22.934Z"}
{"level":"info","message":"Response received from Identity service: 500","service":"api-gateway","timestamp":"2025-03-09T04:59:23.003Z"}
{"level":"info","message":"Received POST request to /v1/auth/signup","service":"api-gateway","timestamp":"2025-03-09T05:00:35.504Z"}
{"level":"info","message":"Request body, [object Object]","service":"api-gateway","timestamp":"2025-03-09T05:00:35.505Z"}
{"level":"info","message":"Response received from Identity service: 201","service":"api-gateway","timestamp":"2025-03-09T05:00:35.872Z"}
{"level":"info","message":"Received POST request to /v1/auth/login","service":"api-gateway","timestamp":"2025-03-09T05:00:47.756Z"}
{"level":"info","message":"Request body, [object Object]","service":"api-gateway","timestamp":"2025-03-09T05:00:47.757Z"}
{"level":"info","message":"Response received from Identity service: 400","service":"api-gateway","timestamp":"2025-03-09T05:00:47.774Z"}
{"level":"info","message":"Received POST request to /v1/auth/login","service":"api-gateway","timestamp":"2025-03-09T05:01:06.912Z"}
{"level":"info","message":"Request body, [object Object]","service":"api-gateway","timestamp":"2025-03-09T05:01:06.913Z"}
{"level":"info","message":"Response received from Identity service: 201","service":"api-gateway","timestamp":"2025-03-09T05:01:07.063Z"}
