{"level":"info","message":"Example app listening on port 3001","service":"identity-service","timestamp":"2025-03-06T18:50:07.096Z"}
{"level":"info","message":"Example app listening on port 3001","service":"identity-service","timestamp":"2025-03-06T18:50:20.313Z"}
{"level":"info","message":"Example app listening on port 3001","service":"identity-service","timestamp":"2025-03-06T18:51:51.284Z"}
{"level":"info","message":"Received POST request to /api/auth/signup","service":"identity-service","timestamp":"2025-03-06T18:58:55.868Z"}
{"level":"info","message":"Request body, [object Object]","service":"identity-service","timestamp":"2025-03-06T18:58:55.885Z"}
{"level":"info","message":"User Register Hit","service":"identity-service","timestamp":"2025-03-06T18:58:55.929Z"}
{"level":"error","message":"Registration error occured ValidatorSchema is not a function","service":"identity-service","stack":"TypeError: ValidatorSchema is not a function\n    at register (C:\\Users\\Nischal mehta\\project\\nodejs\\socialMedia\\indentity-service\\src\\controllers\\inditiy-controller.js:11:23)\n    at Layer.handle [as handle_request] (C:\\Users\\Nischal mehta\\project\\nodejs\\socialMedia\\indentity-service\\node_modules\\express\\lib\\router\\layer.js:95:5)\n    at next (C:\\Users\\Nischal mehta\\project\\nodejs\\socialMedia\\indentity-service\\node_modules\\express\\lib\\router\\route.js:149:13)\n    at Route.dispatch (C:\\Users\\Nischal mehta\\project\\nodejs\\socialMedia\\indentity-service\\node_modules\\express\\lib\\router\\route.js:119:3)\n    at Layer.handle [as handle_request] (C:\\Users\\Nischal mehta\\project\\nodejs\\socialMedia\\indentity-service\\node_modules\\express\\lib\\router\\layer.js:95:5)\n    at C:\\Users\\Nischal mehta\\project\\nodejs\\socialMedia\\indentity-service\\node_modules\\express\\lib\\router\\index.js:284:15\n    at Function.process_params (C:\\Users\\Nischal mehta\\project\\nodejs\\socialMedia\\indentity-service\\node_modules\\express\\lib\\router\\index.js:346:12)\n    at next (C:\\Users\\Nischal mehta\\project\\nodejs\\socialMedia\\indentity-service\\node_modules\\express\\lib\\router\\index.js:280:10)\n    at Function.handle (C:\\Users\\Nischal mehta\\project\\nodejs\\socialMedia\\indentity-service\\node_modules\\express\\lib\\router\\index.js:175:3)\n    at router (C:\\Users\\Nischal mehta\\project\\nodejs\\socialMedia\\indentity-service\\node_modules\\express\\lib\\router\\index.js:47:12)","timestamp":"2025-03-06T18:58:55.938Z"}
{"level":"info","message":"Example app listening on port 3001","service":"identity-service","timestamp":"2025-03-06T19:00:28.863Z"}
{"level":"info","message":"Example app listening on port 3001","service":"identity-service","timestamp":"2025-03-06T19:00:43.267Z"}
{"level":"info","message":"Received POST request to /api/auth/signup","service":"identity-service","timestamp":"2025-03-06T19:00:47.792Z"}
{"level":"info","message":"Request body, [object Object]","service":"identity-service","timestamp":"2025-03-06T19:00:47.793Z"}
{"level":"info","message":"User Register Hit","service":"identity-service","timestamp":"2025-03-06T19:00:47.804Z"}
{"level":"error","message":"Registration error occured ValidatorSchema is not a function","service":"identity-service","stack":"TypeError: ValidatorSchema is not a function\n    at register (C:\\Users\\Nischal mehta\\project\\nodejs\\socialMedia\\indentity-service\\src\\controllers\\inditiy-controller.js:11:23)\n    at Layer.handle [as handle_request] (C:\\Users\\Nischal mehta\\project\\nodejs\\socialMedia\\indentity-service\\node_modules\\express\\lib\\router\\layer.js:95:5)\n    at next (C:\\Users\\Nischal mehta\\project\\nodejs\\socialMedia\\indentity-service\\node_modules\\express\\lib\\router\\route.js:149:13)\n    at Route.dispatch (C:\\Users\\Nischal mehta\\project\\nodejs\\socialMedia\\indentity-service\\node_modules\\express\\lib\\router\\route.js:119:3)\n    at Layer.handle [as handle_request] (C:\\Users\\Nischal mehta\\project\\nodejs\\socialMedia\\indentity-service\\node_modules\\express\\lib\\router\\layer.js:95:5)\n    at C:\\Users\\Nischal mehta\\project\\nodejs\\socialMedia\\indentity-service\\node_modules\\express\\lib\\router\\index.js:284:15\n    at Function.process_params (C:\\Users\\Nischal mehta\\project\\nodejs\\socialMedia\\indentity-service\\node_modules\\express\\lib\\router\\index.js:346:12)\n    at next (C:\\Users\\Nischal mehta\\project\\nodejs\\socialMedia\\indentity-service\\node_modules\\express\\lib\\router\\index.js:280:10)\n    at Function.handle (C:\\Users\\Nischal mehta\\project\\nodejs\\socialMedia\\indentity-service\\node_modules\\express\\lib\\router\\index.js:175:3)\n    at router (C:\\Users\\Nischal mehta\\project\\nodejs\\socialMedia\\indentity-service\\node_modules\\express\\lib\\router\\index.js:47:12)","timestamp":"2025-03-06T19:00:47.806Z"}
{"level":"info","message":"Example app listening on port 3001","service":"identity-service","timestamp":"2025-03-06T19:01:18.193Z"}
{"level":"info","message":"Example app listening on port 3001","service":"identity-service","timestamp":"2025-03-06T19:01:24.789Z"}
{"level":"info","message":"Received POST request to /api/auth/signup","service":"identity-service","timestamp":"2025-03-06T19:01:26.874Z"}
{"level":"info","message":"Request body, [object Object]","service":"identity-service","timestamp":"2025-03-06T19:01:26.875Z"}
{"level":"info","message":"User Register Hit","service":"identity-service","timestamp":"2025-03-06T19:01:26.880Z"}
{"level":"error","message":"Registration error occured ValidatorSchema is not a function","service":"identity-service","stack":"TypeError: ValidatorSchema is not a function\n    at register (C:\\Users\\Nischal mehta\\project\\nodejs\\socialMedia\\indentity-service\\src\\controllers\\inditiy-controller.js:11:29)\n    at Layer.handle [as handle_request] (C:\\Users\\Nischal mehta\\project\\nodejs\\socialMedia\\indentity-service\\node_modules\\express\\lib\\router\\layer.js:95:5)\n    at next (C:\\Users\\Nischal mehta\\project\\nodejs\\socialMedia\\indentity-service\\node_modules\\express\\lib\\router\\route.js:149:13)\n    at Route.dispatch (C:\\Users\\Nischal mehta\\project\\nodejs\\socialMedia\\indentity-service\\node_modules\\express\\lib\\router\\route.js:119:3)\n    at Layer.handle [as handle_request] (C:\\Users\\Nischal mehta\\project\\nodejs\\socialMedia\\indentity-service\\node_modules\\express\\lib\\router\\layer.js:95:5)\n    at C:\\Users\\Nischal mehta\\project\\nodejs\\socialMedia\\indentity-service\\node_modules\\express\\lib\\router\\index.js:284:15\n    at Function.process_params (C:\\Users\\Nischal mehta\\project\\nodejs\\socialMedia\\indentity-service\\node_modules\\express\\lib\\router\\index.js:346:12)\n    at next (C:\\Users\\Nischal mehta\\project\\nodejs\\socialMedia\\indentity-service\\node_modules\\express\\lib\\router\\index.js:280:10)\n    at Function.handle (C:\\Users\\Nischal mehta\\project\\nodejs\\socialMedia\\indentity-service\\node_modules\\express\\lib\\router\\index.js:175:3)\n    at router (C:\\Users\\Nischal mehta\\project\\nodejs\\socialMedia\\indentity-service\\node_modules\\express\\lib\\router\\index.js:47:12)","timestamp":"2025-03-06T19:01:26.881Z"}
{"level":"info","message":"Example app listening on port 3001","service":"identity-service","timestamp":"2025-03-06T19:02:05.275Z"}
{"level":"info","message":"Received POST request to /api/auth/signup","service":"identity-service","timestamp":"2025-03-06T19:02:06.305Z"}
{"level":"info","message":"Request body, [object Object]","service":"identity-service","timestamp":"2025-03-06T19:02:06.306Z"}
{"level":"info","message":"User Register Hit","service":"identity-service","timestamp":"2025-03-06T19:02:06.310Z"}
{"0":"V","1":"a","10":"c","11":"h","12":"e","13":"m","14":"a","15":" ","16":"i","17":"s","18":" ","19":"n","2":"l","20":"o","21":"t","22":" ","23":"a","24":" ","25":"f","26":"u","27":"n","28":"c","29":"t","3":"i","30":"i","31":"o","32":"n","4":"d","5":"a","6":"t","7":"o","8":"r","9":"S","level":"error","message":"Registration error occured","service":"identity-service","timestamp":"2025-03-06T19:02:06.311Z"}
{"level":"info","message":"Example app listening on port 3001","service":"identity-service","timestamp":"2025-03-06T19:02:21.322Z"}
{"level":"info","message":"Example app listening on port 3001","service":"identity-service","timestamp":"2025-03-06T19:03:05.786Z"}
{"level":"info","message":"Received POST request to /api/auth/signup","service":"identity-service","timestamp":"2025-03-06T19:03:07.205Z"}
{"level":"info","message":"Request body, [object Object]","service":"identity-service","timestamp":"2025-03-06T19:03:07.205Z"}
{"level":"info","message":"User Register Hit","service":"identity-service","timestamp":"2025-03-06T19:03:07.210Z"}
{"level":"error","message":"Registration error occured ValidatorSchema is not a function","service":"identity-service","stack":"TypeError: ValidatorSchema is not a function\n    at register (C:\\Users\\Nischal mehta\\project\\nodejs\\socialMedia\\indentity-service\\src\\controllers\\inditiy-controller.js:11:24)\n    at Layer.handle [as handle_request] (C:\\Users\\Nischal mehta\\project\\nodejs\\socialMedia\\indentity-service\\node_modules\\express\\lib\\router\\layer.js:95:5)\n    at next (C:\\Users\\Nischal mehta\\project\\nodejs\\socialMedia\\indentity-service\\node_modules\\express\\lib\\router\\route.js:149:13)\n    at Route.dispatch (C:\\Users\\Nischal mehta\\project\\nodejs\\socialMedia\\indentity-service\\node_modules\\express\\lib\\router\\route.js:119:3)\n    at Layer.handle [as handle_request] (C:\\Users\\Nischal mehta\\project\\nodejs\\socialMedia\\indentity-service\\node_modules\\express\\lib\\router\\layer.js:95:5)\n    at C:\\Users\\Nischal mehta\\project\\nodejs\\socialMedia\\indentity-service\\node_modules\\express\\lib\\router\\index.js:284:15\n    at Function.process_params (C:\\Users\\Nischal mehta\\project\\nodejs\\socialMedia\\indentity-service\\node_modules\\express\\lib\\router\\index.js:346:12)\n    at next (C:\\Users\\Nischal mehta\\project\\nodejs\\socialMedia\\indentity-service\\node_modules\\express\\lib\\router\\index.js:280:10)\n    at Function.handle (C:\\Users\\Nischal mehta\\project\\nodejs\\socialMedia\\indentity-service\\node_modules\\express\\lib\\router\\index.js:175:3)\n    at router (C:\\Users\\Nischal mehta\\project\\nodejs\\socialMedia\\indentity-service\\node_modules\\express\\lib\\router\\index.js:47:12)","timestamp":"2025-03-06T19:03:07.210Z"}
{"level":"info","message":"Example app listening on port 3001","service":"identity-service","timestamp":"2025-03-06T19:04:27.511Z"}
{"level":"info","message":"Example app listening on port 3001","service":"identity-service","timestamp":"2025-03-06T19:04:33.125Z"}
{"level":"info","message":"Example app listening on port 3001","service":"identity-service","timestamp":"2025-03-06T19:04:37.435Z"}
{"level":"info","message":"Received POST request to /api/auth/signup","service":"identity-service","timestamp":"2025-03-06T19:04:41.752Z"}
{"level":"info","message":"Request body, [object Object]","service":"identity-service","timestamp":"2025-03-06T19:04:41.753Z"}
{"level":"info","message":"User Register Hit","service":"identity-service","timestamp":"2025-03-06T19:04:41.852Z"}
{"level":"error","message":"Registration error occured ValidatorSchema is not a function","service":"identity-service","stack":"TypeError: ValidatorSchema is not a function\n    at register (C:\\Users\\Nischal mehta\\project\\nodejs\\socialMedia\\indentity-service\\src\\controllers\\inditiy-controller.js:11:24)\n    at Layer.handle [as handle_request] (C:\\Users\\Nischal mehta\\project\\nodejs\\socialMedia\\indentity-service\\node_modules\\express\\lib\\router\\layer.js:95:5)\n    at next (C:\\Users\\Nischal mehta\\project\\nodejs\\socialMedia\\indentity-service\\node_modules\\express\\lib\\router\\route.js:149:13)\n    at Route.dispatch (C:\\Users\\Nischal mehta\\project\\nodejs\\socialMedia\\indentity-service\\node_modules\\express\\lib\\router\\route.js:119:3)\n    at Layer.handle [as handle_request] (C:\\Users\\Nischal mehta\\project\\nodejs\\socialMedia\\indentity-service\\node_modules\\express\\lib\\router\\layer.js:95:5)\n    at C:\\Users\\Nischal mehta\\project\\nodejs\\socialMedia\\indentity-service\\node_modules\\express\\lib\\router\\index.js:284:15\n    at Function.process_params (C:\\Users\\Nischal mehta\\project\\nodejs\\socialMedia\\indentity-service\\node_modules\\express\\lib\\router\\index.js:346:12)\n    at next (C:\\Users\\Nischal mehta\\project\\nodejs\\socialMedia\\indentity-service\\node_modules\\express\\lib\\router\\index.js:280:10)\n    at Function.handle (C:\\Users\\Nischal mehta\\project\\nodejs\\socialMedia\\indentity-service\\node_modules\\express\\lib\\router\\index.js:175:3)\n    at router (C:\\Users\\Nischal mehta\\project\\nodejs\\socialMedia\\indentity-service\\node_modules\\express\\lib\\router\\index.js:47:12)","timestamp":"2025-03-06T19:04:41.853Z"}
{"level":"info","message":"Example app listening on port 3001","service":"identity-service","timestamp":"2025-03-06T19:05:01.700Z"}
{"level":"info","message":"Example app listening on port 3001","service":"identity-service","timestamp":"2025-03-06T19:05:51.353Z"}
{"level":"info","message":"Received POST request to /api/auth/signup","service":"identity-service","timestamp":"2025-03-06T19:05:55.688Z"}
{"level":"info","message":"Request body, [object Object]","service":"identity-service","timestamp":"2025-03-06T19:05:55.689Z"}
{"level":"info","message":"User Register Hit","service":"identity-service","timestamp":"2025-03-06T19:05:55.691Z"}
{"level":"error","message":"Registration error occured ValidatorSchema is not a function","service":"identity-service","stack":"TypeError: ValidatorSchema is not a function\n    at register (C:\\Users\\Nischal mehta\\project\\nodejs\\socialMedia\\indentity-service\\src\\controllers\\inditiy-controller.js:11:24)\n    at Layer.handle [as handle_request] (C:\\Users\\Nischal mehta\\project\\nodejs\\socialMedia\\indentity-service\\node_modules\\express\\lib\\router\\layer.js:95:5)\n    at next (C:\\Users\\Nischal mehta\\project\\nodejs\\socialMedia\\indentity-service\\node_modules\\express\\lib\\router\\route.js:149:13)\n    at Route.dispatch (C:\\Users\\Nischal mehta\\project\\nodejs\\socialMedia\\indentity-service\\node_modules\\express\\lib\\router\\route.js:119:3)\n    at Layer.handle [as handle_request] (C:\\Users\\Nischal mehta\\project\\nodejs\\socialMedia\\indentity-service\\node_modules\\express\\lib\\router\\layer.js:95:5)\n    at C:\\Users\\Nischal mehta\\project\\nodejs\\socialMedia\\indentity-service\\node_modules\\express\\lib\\router\\index.js:284:15\n    at Function.process_params (C:\\Users\\Nischal mehta\\project\\nodejs\\socialMedia\\indentity-service\\node_modules\\express\\lib\\router\\index.js:346:12)\n    at next (C:\\Users\\Nischal mehta\\project\\nodejs\\socialMedia\\indentity-service\\node_modules\\express\\lib\\router\\index.js:280:10)\n    at Function.handle (C:\\Users\\Nischal mehta\\project\\nodejs\\socialMedia\\indentity-service\\node_modules\\express\\lib\\router\\index.js:175:3)\n    at router (C:\\Users\\Nischal mehta\\project\\nodejs\\socialMedia\\indentity-service\\node_modules\\express\\lib\\router\\index.js:47:12)","timestamp":"2025-03-06T19:05:55.692Z"}
{"level":"info","message":"Example app listening on port 3001","service":"identity-service","timestamp":"2025-03-06T19:10:32.273Z"}
{"level":"info","message":"Received POST request to /api/auth/signup","service":"identity-service","timestamp":"2025-03-06T19:10:34.219Z"}
{"level":"info","message":"Request body, [object Object]","service":"identity-service","timestamp":"2025-03-06T19:10:34.220Z"}
{"level":"info","message":"User Register Hit","service":"identity-service","timestamp":"2025-03-06T19:10:34.229Z"}
{"0":"\"","1":"p","10":" ","11":"m","12":"u","13":"s","14":"t","15":" ","16":"b","17":"e","18":" ","19":"a","2":"a","20":" ","21":"s","22":"t","23":"r","24":"i","25":"n","26":"g","3":"s","4":"s","5":"w","6":"o","7":"r","8":"d","9":"\"","level":"warn","message":"Validation error","service":"identity-service","timestamp":"2025-03-06T19:10:34.232Z"}
{"level":"info","message":"Received POST request to /api/auth/signup","service":"identity-service","timestamp":"2025-03-06T19:10:41.656Z"}
{"level":"info","message":"Request body, [object Object]","service":"identity-service","timestamp":"2025-03-06T19:10:41.658Z"}
{"level":"info","message":"User Register Hit","service":"identity-service","timestamp":"2025-03-06T19:10:41.662Z"}
{"0":"P","1":"a","10":"u","11":"s","12":"t","13":" ","14":"b","15":"e","16":" ","17":"a","18":"t","19":" ","2":"s","20":"l","21":"e","22":"a","23":"s","24":"t","25":" ","26":"8","27":" ","28":"c","29":"h","3":"s","30":"a","31":"r","32":"a","33":"c","34":"t","35":"e","36":"r","37":"s","38":".","4":"w","5":"o","6":"r","7":"d","8":" ","9":"m","level":"warn","message":"Validation error","service":"identity-service","timestamp":"2025-03-06T19:10:41.663Z"}
{"level":"info","message":"Received POST request to /api/auth/signup","service":"identity-service","timestamp":"2025-03-06T19:10:49.230Z"}
{"level":"info","message":"Request body, [object Object]","service":"identity-service","timestamp":"2025-03-06T19:10:49.230Z"}
{"level":"info","message":"User Register Hit","service":"identity-service","timestamp":"2025-03-06T19:10:49.233Z"}
{"0":"P","1":"a","10":"u","100":"a","101":"l","102":" ","103":"c","104":"h","105":"a","106":"r","107":"a","108":"c","109":"t","11":"s","110":"e","111":"r","112":".","12":"t","13":" ","14":"c","15":"o","16":"n","17":"t","18":"a","19":"i","2":"s","20":"n","21":" ","22":"a","23":"t","24":" ","25":"l","26":"e","27":"a","28":"s","29":"t","3":"s","30":" ","31":"o","32":"n","33":"e","34":" ","35":"u","36":"p","37":"p","38":"e","39":"r","4":"w","40":"c","41":"a","42":"s","43":"e","44":" ","45":"l","46":"e","47":"t","48":"t","49":"e","5":"o","50":"r","51":",","52":" ","53":"o","54":"n","55":"e","56":" ","57":"l","58":"o","59":"w","6":"r","60":"e","61":"r","62":"c","63":"a","64":"s","65":"e","66":" ","67":"l","68":"e","69":"t","7":"d","70":"t","71":"e","72":"r","73":",","74":" ","75":"o","76":"n","77":"e","78":" ","79":"n","8":" ","80":"u","81":"m","82":"b","83":"e","84":"r","85":",","86":" ","87":"a","88":"n","89":"d","9":"m","90":" ","91":"o","92":"n","93":"e","94":" ","95":"s","96":"p","97":"e","98":"c","99":"i","level":"warn","message":"Validation error","service":"identity-service","timestamp":"2025-03-06T19:10:49.235Z"}
{"level":"info","message":"Received POST request to /api/auth/signup","service":"identity-service","timestamp":"2025-03-06T19:11:29.762Z"}
{"level":"info","message":"Request body, [object Object]","service":"identity-service","timestamp":"2025-03-06T19:11:29.764Z"}
{"level":"info","message":"User Register Hit","service":"identity-service","timestamp":"2025-03-06T19:11:29.769Z"}
{"level":"warn","message":"User alread exist","service":"identity-service","timestamp":"2025-03-06T19:11:29.777Z"}
{"level":"info","message":"Received POST request to /api/auth/signup","service":"identity-service","timestamp":"2025-03-06T19:11:39.173Z"}
{"level":"info","message":"Request body, [object Object]","service":"identity-service","timestamp":"2025-03-06T19:11:39.175Z"}
{"level":"info","message":"User Register Hit","service":"identity-service","timestamp":"2025-03-06T19:11:39.178Z"}
{"level":"warn","message":"User alread exist","service":"identity-service","timestamp":"2025-03-06T19:11:39.180Z"}
{"level":"info","message":"Example app listening on port 3001","service":"identity-service","timestamp":"2025-03-06T19:12:14.128Z"}
{"level":"info","message":"Received POST request to /api/auth/signup","service":"identity-service","timestamp":"2025-03-06T19:12:45.927Z"}
{"level":"info","message":"Request body, [object Object]","service":"identity-service","timestamp":"2025-03-06T19:12:45.928Z"}
{"level":"info","message":"User Register Hit","service":"identity-service","timestamp":"2025-03-06T19:12:45.937Z"}
{"level":"warn","message":"User alread exist","service":"identity-service","timestamp":"2025-03-06T19:12:45.942Z"}
{"level":"info","message":"Example app listening on port 3001","service":"identity-service","timestamp":"2025-03-06T19:13:21.642Z"}
{"level":"info","message":"Received POST request to /api/auth/signup","service":"identity-service","timestamp":"2025-03-06T19:13:25.615Z"}
{"level":"info","message":"Request body, [object Object]","service":"identity-service","timestamp":"2025-03-06T19:13:25.618Z"}
{"level":"info","message":"User Register Hit","service":"identity-service","timestamp":"2025-03-06T19:13:25.623Z"}
{"level":"warn","message":"User alread exist","service":"identity-service","timestamp":"2025-03-06T19:13:25.663Z"}
{"level":"info","message":"Example app listening on port 3001","service":"identity-service","timestamp":"2025-03-06T19:14:51.508Z"}
{"level":"info","message":"Received POST request to /api/auth/signup","service":"identity-service","timestamp":"2025-03-06T19:14:52.744Z"}
{"level":"info","message":"Request body, [object Object]","service":"identity-service","timestamp":"2025-03-06T19:14:52.745Z"}
{"level":"info","message":"User Register Hit","service":"identity-service","timestamp":"2025-03-06T19:14:52.748Z"}
{"level":"warn","message":"User alread exist","service":"identity-service","timestamp":"2025-03-06T19:14:52.752Z"}
{"level":"info","message":"Received POST request to /api/auth/signup","service":"identity-service","timestamp":"2025-03-06T19:16:10.962Z"}
{"level":"info","message":"Request body, [object Object]","service":"identity-service","timestamp":"2025-03-06T19:16:10.964Z"}
{"level":"info","message":"User Register Hit","service":"identity-service","timestamp":"2025-03-06T19:16:10.969Z"}
{"level":"warn","message":"User alread exist","service":"identity-service","timestamp":"2025-03-06T19:16:10.970Z"}
{"level":"info","message":"Example app listening on port 3001","service":"identity-service","timestamp":"2025-03-06T19:17:00.739Z"}
{"level":"info","message":"Received POST request to /api/auth/signup","service":"identity-service","timestamp":"2025-03-06T19:17:01.899Z"}
{"level":"info","message":"Request body, [object Object]","service":"identity-service","timestamp":"2025-03-06T19:17:01.899Z"}
{"level":"info","message":"User Register Hit","service":"identity-service","timestamp":"2025-03-06T19:17:01.902Z"}
{"level":"warn","message":"User alread exist","service":"identity-service","timestamp":"2025-03-06T19:17:01.905Z"}
{"level":"info","message":"Example app listening on port 3001","service":"identity-service","timestamp":"2025-03-06T19:17:22.698Z"}
{"level":"info","message":"Example app listening on port 3001","service":"identity-service","timestamp":"2025-03-06T19:23:08.605Z"}
{"level":"info","message":"Example app listening on port 3001","service":"identity-service","timestamp":"2025-03-06T19:23:14.631Z"}
{"level":"info","message":"Received POST request to /api/auth/signup","service":"identity-service","timestamp":"2025-03-06T19:23:18.942Z"}
{"level":"info","message":"Request body, [object Object]","service":"identity-service","timestamp":"2025-03-06T19:23:18.943Z"}
{"level":"info","message":"User Register Hit","service":"identity-service","timestamp":"2025-03-06T19:23:18.958Z"}
{"level":"warn","message":"User alread exist","service":"identity-service","timestamp":"2025-03-06T19:23:18.968Z"}
{"level":"info","message":"Example app listening on port 3001","service":"identity-service","timestamp":"2025-03-06T19:27:51.361Z"}
{"level":"info","message":"Example app listening on port 3001","service":"identity-service","timestamp":"2025-03-06T19:27:54.222Z"}
{"level":"info","message":"Example app listening on port 3001","service":"identity-service","timestamp":"2025-03-06T19:27:58.869Z"}
{"level":"info","message":"Received POST request to /api/auth/signup","service":"identity-service","timestamp":"2025-03-06T19:28:15.793Z"}
{"level":"info","message":"Request body, [object Object]","service":"identity-service","timestamp":"2025-03-06T19:28:15.796Z"}
{"level":"info","message":"User Register Hit","service":"identity-service","timestamp":"2025-03-06T19:28:15.810Z"}
{"level":"warn","message":"User alread exist","service":"identity-service","timestamp":"2025-03-06T19:28:15.817Z"}
{"level":"info","message":"Example app listening on port 3001","service":"identity-service","timestamp":"2025-03-06T19:30:14.334Z"}
{"level":"info","message":"Received POST request to /api/auth/signup","service":"identity-service","timestamp":"2025-03-06T19:30:15.723Z"}
{"level":"info","message":"Request body, [object Object]","service":"identity-service","timestamp":"2025-03-06T19:30:15.724Z"}
{"level":"info","message":"User Register Hit","service":"identity-service","timestamp":"2025-03-06T19:30:15.735Z"}
{"level":"warn","message":"User alread exist","service":"identity-service","timestamp":"2025-03-06T19:30:15.749Z"}
{"level":"info","message":"Example app listening on port 3001","service":"identity-service","timestamp":"2025-03-06T19:39:14.057Z"}
{"level":"info","message":"Example app listening on port 3001","service":"identity-service","timestamp":"2025-03-06T19:39:22.168Z"}
{"level":"info","message":"Received POST request to /api/auth/signup","service":"identity-service","timestamp":"2025-03-06T19:39:30.125Z"}
{"level":"info","message":"Request body, [object Object]","service":"identity-service","timestamp":"2025-03-06T19:39:30.126Z"}
{"level":"info","message":"User Register Hit","service":"identity-service","timestamp":"2025-03-06T19:39:30.134Z"}
{"level":"warn","message":"User alread exist","service":"identity-service","timestamp":"2025-03-06T19:39:30.156Z"}
{"level":"info","message":"Example app listening on port 3001","service":"identity-service","timestamp":"2025-03-06T19:40:08.571Z"}
{"level":"info","message":"Example app listening on port 3001","service":"identity-service","timestamp":"2025-03-06T19:40:10.000Z"}
{"level":"info","message":"Example app listening on port 3001","service":"identity-service","timestamp":"2025-03-06T19:40:15.151Z"}
{"level":"info","message":"Example app listening on port 3001","service":"identity-service","timestamp":"2025-03-06T19:40:40.231Z"}
{"level":"info","message":"Example app listening on port 3001","service":"identity-service","timestamp":"2025-03-06T19:40:48.548Z"}
{"level":"info","message":"Received POST request to /api/auth/signup","service":"identity-service","timestamp":"2025-03-06T19:40:51.434Z"}
{"level":"info","message":"Request body, [object Object]","service":"identity-service","timestamp":"2025-03-06T19:40:51.435Z"}
{"level":"info","message":"User Register Hit","service":"identity-service","timestamp":"2025-03-06T19:40:51.441Z"}
{"level":"warn","message":"User alread exist","service":"identity-service","timestamp":"2025-03-06T19:40:51.457Z"}
{"level":"info","message":"Example app listening on port 3001","service":"identity-service","timestamp":"2025-03-06T19:41:18.315Z"}
{"level":"info","message":"Example app listening on port 3001","service":"identity-service","timestamp":"2025-03-06T19:41:27.445Z"}
{"level":"info","message":"Received POST request to /api/auth/signup","service":"identity-service","timestamp":"2025-03-06T19:41:31.362Z"}
{"level":"info","message":"Request body, [object Object]","service":"identity-service","timestamp":"2025-03-06T19:41:31.363Z"}
{"level":"info","message":"User Register Hit","service":"identity-service","timestamp":"2025-03-06T19:41:31.368Z"}
{"buffer":{"data":[103,201,250,107,139,53,247,42,44,120,226,78],"type":"Buffer"},"level":"warn","message":"User saved successfully","service":"identity-service","timestamp":"2025-03-06T19:41:31.567Z"}
{"level":"error","message":"Registration error occured crypto.randomBytes is not a function","service":"identity-service","stack":"TypeError: crypto.randomBytes is not a function\n    at generateTokens (C:\\Users\\Nischal mehta\\project\\nodejs\\socialMedia\\indentity-service\\src\\utils\\generateToken.js:13:27)\n    at register (C:\\Users\\Nischal mehta\\project\\nodejs\\socialMedia\\indentity-service\\src\\controllers\\inditiy-controller.js:35:49)\n    at process.processTicksAndRejections (node:internal/process/task_queues:95:5)","timestamp":"2025-03-06T19:41:31.578Z"}
{"level":"info","message":"Example app listening on port 3001","service":"identity-service","timestamp":"2025-03-06T19:43:47.025Z"}
{"level":"info","message":"Example app listening on port 3001","service":"identity-service","timestamp":"2025-03-06T19:43:58.600Z"}
{"level":"info","message":"Received POST request to /api/auth/signup","service":"identity-service","timestamp":"2025-03-06T19:44:02.420Z"}
{"level":"info","message":"Request body, [object Object]","service":"identity-service","timestamp":"2025-03-06T19:44:02.421Z"}
{"level":"info","message":"User Register Hit","service":"identity-service","timestamp":"2025-03-06T19:44:02.431Z"}
{"code":11000,"errorLabelSet":{},"errorResponse":{"code":11000,"errmsg":"E11000 duplicate key error collection: socialmedia.users index: username_1 dup key: { username: \"abccc12\" }","index":0,"keyPattern":{"username":1},"keyValue":{"username":"abccc12"}},"index":0,"keyPattern":{"username":1},"keyValue":{"username":"abccc12"},"level":"error","message":"Registration error occured E11000 duplicate key error collection: socialmedia.users index: username_1 dup key: { username: \"abccc12\" }","service":"identity-service","stack":"MongoServerError: E11000 duplicate key error collection: socialmedia.users index: username_1 dup key: { username: \"abccc12\" }\n    at InsertOneOperation.execute (C:\\Users\\Nischal mehta\\project\\nodejs\\socialMedia\\indentity-service\\node_modules\\mongodb\\lib\\operations\\insert.js:51:19)\n    at process.processTicksAndRejections (node:internal/process/task_queues:95:5)\n    at async tryOperation (C:\\Users\\Nischal mehta\\project\\nodejs\\socialMedia\\indentity-service\\node_modules\\mongodb\\lib\\operations\\execute_operation.js:207:20)\n    at async executeOperation (C:\\Users\\Nischal mehta\\project\\nodejs\\socialMedia\\indentity-service\\node_modules\\mongodb\\lib\\operations\\execute_operation.js:75:16)\n    at async Collection.insertOne (C:\\Users\\Nischal mehta\\project\\nodejs\\socialMedia\\indentity-service\\node_modules\\mongodb\\lib\\collection.js:157:16)","timestamp":"2025-03-06T19:44:02.711Z"}
{"level":"info","message":"Received POST request to /api/auth/signup","service":"identity-service","timestamp":"2025-03-06T19:44:38.533Z"}
{"level":"info","message":"Request body, [object Object]","service":"identity-service","timestamp":"2025-03-06T19:44:38.535Z"}
{"level":"info","message":"User Register Hit","service":"identity-service","timestamp":"2025-03-06T19:44:38.539Z"}
{"buffer":{"data":[103,201,251,38,103,152,74,88,107,38,101,252],"type":"Buffer"},"level":"warn","message":"User saved successfully","service":"identity-service","timestamp":"2025-03-06T19:44:38.721Z"}
{"level":"error","message":"Registration error occured RefreshToken is not defined","service":"identity-service","stack":"ReferenceError: RefreshToken is not defined\n    at generateTokens (C:\\Users\\Nischal mehta\\project\\nodejs\\socialMedia\\indentity-service\\src\\utils\\generateToken.js:16:1)\n    at register (C:\\Users\\Nischal mehta\\project\\nodejs\\socialMedia\\indentity-service\\src\\controllers\\inditiy-controller.js:35:49)\n    at process.processTicksAndRejections (node:internal/process/task_queues:95:5)","timestamp":"2025-03-06T19:44:38.744Z"}
{"level":"info","message":"Example app listening on port 3001","service":"identity-service","timestamp":"2025-03-06T19:46:09.173Z"}
{"level":"info","message":"Received POST request to /api/auth/signup","service":"identity-service","timestamp":"2025-03-06T19:46:21.045Z"}
{"level":"info","message":"Request body, [object Object]","service":"identity-service","timestamp":"2025-03-06T19:46:21.046Z"}
{"level":"info","message":"User Register Hit","service":"identity-service","timestamp":"2025-03-06T19:46:21.054Z"}
{"buffer":{"data":[103,201,251,141,122,128,21,224,59,18,162,193],"type":"Buffer"},"level":"warn","message":"User saved successfully","service":"identity-service","timestamp":"2025-03-06T19:46:21.264Z"}
{"level":"error","message":"Registration error occured RefreshToken.create is not a function","service":"identity-service","stack":"TypeError: RefreshToken.create is not a function\n    at generateTokens (C:\\Users\\Nischal mehta\\project\\nodejs\\socialMedia\\indentity-service\\src\\utils\\generateToken.js:18:20)\n    at register (C:\\Users\\Nischal mehta\\project\\nodejs\\socialMedia\\indentity-service\\src\\controllers\\inditiy-controller.js:35:49)\n    at process.processTicksAndRejections (node:internal/process/task_queues:95:5)","timestamp":"2025-03-06T19:46:21.281Z"}
{"level":"info","message":"Example app listening on port 3001","service":"identity-service","timestamp":"2025-03-06T19:47:10.127Z"}
{"level":"info","message":"Example app listening on port 3001","service":"identity-service","timestamp":"2025-03-06T19:47:31.489Z"}
{"level":"info","message":"Example app listening on port 3001","service":"identity-service","timestamp":"2025-03-06T19:47:57.973Z"}
{"level":"info","message":"Received POST request to /api/auth/signup","service":"identity-service","timestamp":"2025-03-06T19:48:03.437Z"}
{"level":"info","message":"Request body, [object Object]","service":"identity-service","timestamp":"2025-03-06T19:48:03.438Z"}
{"level":"info","message":"User Register Hit","service":"identity-service","timestamp":"2025-03-06T19:48:03.446Z"}
{"code":11000,"errorLabelSet":{},"errorResponse":{"code":11000,"errmsg":"E11000 duplicate key error collection: socialmedia.users index: username_1 dup key: { username: \"abccc1235\" }","index":0,"keyPattern":{"username":1},"keyValue":{"username":"abccc1235"}},"index":0,"keyPattern":{"username":1},"keyValue":{"username":"abccc1235"},"level":"error","message":"Registration error occured E11000 duplicate key error collection: socialmedia.users index: username_1 dup key: { username: \"abccc1235\" }","service":"identity-service","stack":"MongoServerError: E11000 duplicate key error collection: socialmedia.users index: username_1 dup key: { username: \"abccc1235\" }\n    at InsertOneOperation.execute (C:\\Users\\Nischal mehta\\project\\nodejs\\socialMedia\\indentity-service\\node_modules\\mongodb\\lib\\operations\\insert.js:51:19)\n    at process.processTicksAndRejections (node:internal/process/task_queues:95:5)\n    at async tryOperation (C:\\Users\\Nischal mehta\\project\\nodejs\\socialMedia\\indentity-service\\node_modules\\mongodb\\lib\\operations\\execute_operation.js:207:20)\n    at async executeOperation (C:\\Users\\Nischal mehta\\project\\nodejs\\socialMedia\\indentity-service\\node_modules\\mongodb\\lib\\operations\\execute_operation.js:75:16)\n    at async Collection.insertOne (C:\\Users\\Nischal mehta\\project\\nodejs\\socialMedia\\indentity-service\\node_modules\\mongodb\\lib\\collection.js:157:16)","timestamp":"2025-03-06T19:48:03.661Z"}
{"level":"info","message":"Received POST request to /api/auth/signup","service":"identity-service","timestamp":"2025-03-06T19:48:23.423Z"}
{"level":"info","message":"Request body, [object Object]","service":"identity-service","timestamp":"2025-03-06T19:48:23.423Z"}
{"level":"info","message":"User Register Hit","service":"identity-service","timestamp":"2025-03-06T19:48:23.425Z"}
{"buffer":{"data":[103,201,252,7,12,179,146,217,78,220,50,70],"type":"Buffer"},"level":"warn","message":"User saved successfully","service":"identity-service","timestamp":"2025-03-06T19:48:23.600Z"}
{"level":"info","message":"Example app listening on port 3001","service":"identity-service","timestamp":"2025-03-06T19:48:57.942Z"}
{"level":"info","message":"Example app listening on port 3001","service":"identity-service","timestamp":"2025-03-06T19:49:05.470Z"}
{"level":"info","message":"Received POST request to /api/auth/signup","service":"identity-service","timestamp":"2025-03-06T19:49:20.429Z"}
{"level":"info","message":"Request body, [object Object]","service":"identity-service","timestamp":"2025-03-06T19:49:20.430Z"}
{"level":"info","message":"User Register Hit","service":"identity-service","timestamp":"2025-03-06T19:49:20.437Z"}
{"level":"warn","message":"User alread exist","service":"identity-service","timestamp":"2025-03-06T19:49:20.441Z"}
{"level":"info","message":"Example app listening on port 3001","service":"identity-service","timestamp":"2025-03-06T19:50:42.730Z"}
{"level":"info","message":"Received POST request to /api/auth/signup","service":"identity-service","timestamp":"2025-03-06T19:50:54.472Z"}
{"level":"info","message":"Request body, [object Object]","service":"identity-service","timestamp":"2025-03-06T19:50:54.473Z"}
{"level":"info","message":"User Register Hit","service":"identity-service","timestamp":"2025-03-06T19:50:54.586Z"}
{"buffer":{"data":[103,201,252,158,2,226,97,27,78,247,23,171],"type":"Buffer"},"level":"warn","message":"User saved successfully","service":"identity-service","timestamp":"2025-03-06T19:50:54.770Z"}
{"level":"info","message":"Example app listening on port 3001","service":"identity-service","timestamp":"2025-03-07T12:06:41.965Z"}
{"level":"info","message":"Example app listening on port 3001","service":"identity-service","timestamp":"2025-03-07T12:21:42.518Z"}
{"level":"info","message":"Example app listening on port 3001","service":"identity-service","timestamp":"2025-03-07T12:38:48.957Z"}
{"level":"info","message":"Example app listening on port 3001","service":"identity-service","timestamp":"2025-03-07T12:39:46.579Z"}
{"level":"info","message":"Example app listening on port 3001","service":"identity-service","timestamp":"2025-03-08T17:03:08.336Z"}
{"level":"info","message":"Example app listening on port 3001","service":"identity-service","timestamp":"2025-03-08T17:03:57.021Z"}
{"level":"info","message":"Received POST request to /v1/auth/signup","service":"identity-service","timestamp":"2025-03-08T17:44:59.904Z"}
{"level":"info","message":"Request body, [object Object]","service":"identity-service","timestamp":"2025-03-08T17:44:59.934Z"}
{"level":"info","message":"Received POST request to /v1/auth/signup","service":"identity-service","timestamp":"2025-03-08T17:46:58.856Z"}
{"level":"info","message":"Request body, [object Object]","service":"identity-service","timestamp":"2025-03-08T17:46:58.862Z"}
{"level":"info","message":"Received POST request to /v1/auth/signup","service":"identity-service","timestamp":"2025-03-08T17:48:16.104Z"}
{"level":"info","message":"Request body, [object Object]","service":"identity-service","timestamp":"2025-03-08T17:48:16.106Z"}
{"level":"info","message":"Received POST request to /v1/auth/signup","service":"identity-service","timestamp":"2025-03-08T17:49:20.422Z"}
{"level":"info","message":"Request body, [object Object]","service":"identity-service","timestamp":"2025-03-08T17:49:20.424Z"}
{"level":"info","message":"Received POST request to /v1/auth/signup","service":"identity-service","timestamp":"2025-03-08T17:50:04.702Z"}
{"level":"info","message":"Request body, [object Object]","service":"identity-service","timestamp":"2025-03-08T17:50:04.704Z"}
{"level":"info","message":"Received POST request to /api/auth/signup","service":"identity-service","timestamp":"2025-03-08T17:50:39.653Z"}
{"level":"info","message":"Request body, [object Object]","service":"identity-service","timestamp":"2025-03-08T17:50:39.655Z"}
{"level":"info","message":"User Register Hit","service":"identity-service","timestamp":"2025-03-08T17:50:39.679Z"}
{"level":"warn","message":"User alread exist","service":"identity-service","timestamp":"2025-03-08T17:50:39.959Z"}
{"level":"info","message":"Received POST request to /api/auth/signup","service":"identity-service","timestamp":"2025-03-08T17:50:58.343Z"}
{"level":"info","message":"Request body, [object Object]","service":"identity-service","timestamp":"2025-03-08T17:50:58.344Z"}
{"level":"info","message":"User Register Hit","service":"identity-service","timestamp":"2025-03-08T17:50:58.348Z"}
{"buffer":{"data":[103,204,131,130,157,18,112,185,209,184,161,118],"type":"Buffer"},"level":"warn","message":"User saved successfully","service":"identity-service","timestamp":"2025-03-08T17:50:58.605Z"}
{"level":"info","message":"Example app listening on port 3001","service":"identity-service","timestamp":"2025-03-08T17:55:59.238Z"}
{"level":"info","message":"Example app listening on port 3001","service":"identity-service","timestamp":"2025-03-08T17:56:06.563Z"}
{"level":"info","message":"Example app listening on port 3001","service":"identity-service","timestamp":"2025-03-08T17:57:08.289Z"}
{"level":"info","message":"Example app listening on port 3001","service":"identity-service","timestamp":"2025-03-08T17:57:22.327Z"}
{"level":"info","message":"Example app listening on port 3001","service":"identity-service","timestamp":"2025-03-08T17:57:52.093Z"}
{"level":"info","message":"Example app listening on port 3001","service":"identity-service","timestamp":"2025-03-08T17:58:02.869Z"}
{"level":"info","message":"Example app listening on port 3001","service":"identity-service","timestamp":"2025-03-08T17:58:08.891Z"}
{"level":"info","message":"Example app listening on port 3001","service":"identity-service","timestamp":"2025-03-08T17:58:41.395Z"}
{"level":"info","message":"Example app listening on port 3001","service":"identity-service","timestamp":"2025-03-08T17:59:16.296Z"}
{"level":"info","message":"Example app listening on port 3001","service":"identity-service","timestamp":"2025-03-08T17:59:17.595Z"}
{"level":"info","message":"Example app listening on port 3001","service":"identity-service","timestamp":"2025-03-08T17:59:57.615Z"}
{"level":"info","message":"Example app listening on port 3001","service":"identity-service","timestamp":"2025-03-08T18:00:15.353Z"}
{"level":"info","message":"Example app listening on port 3001","service":"identity-service","timestamp":"2025-03-08T18:00:19.021Z"}
{"level":"info","message":"Example app listening on port 3001","service":"identity-service","timestamp":"2025-03-08T18:00:22.953Z"}
{"level":"info","message":"Example app listening on port 3001","service":"identity-service","timestamp":"2025-03-08T18:00:57.910Z"}
{"level":"info","message":"Example app listening on port 3001","service":"identity-service","timestamp":"2025-03-08T18:01:05.678Z"}
{"level":"info","message":"Example app listening on port 3001","service":"identity-service","timestamp":"2025-03-08T18:04:16.368Z"}
{"level":"info","message":"Example app listening on port 3001","service":"identity-service","timestamp":"2025-03-08T18:04:47.500Z"}
{"level":"info","message":"Example app listening on port 3001","service":"identity-service","timestamp":"2025-03-08T18:04:59.832Z"}
{"level":"info","message":"Example app listening on port 3001","service":"identity-service","timestamp":"2025-03-08T18:05:06.407Z"}
